<?xml version="1.0" encoding="UTF-8"?>
<!-- Generated by org.testng.reporters.JUnitReportReporter -->
<testsuite hostname="IE1FLT9SR9K63" failures="0" tests="36" name="com.DevicesAndSearch.testcases.DeviceLifeCycleManagementAddDeviceTest" time="401.829" errors="3" timestamp="2022-05-11T23:19:27 IST" skipped="0">
  <testcase classname="com.DevicesAndSearch.testcases.DeviceLifeCycleManagementAddDeviceTest" name="ClickonAddDevice" time="51.915"/>
  <system-out>
    <![CDATA[Starting Test case AddDevice<br/>]]>
  </system-out>
  <testcase classname="com.DevicesAndSearch.testcases.DeviceLifeCycleManagementAddDeviceTest" name="EnterDeviceDetails" time="8.582"/>
  <system-out>
    <![CDATA[Starting Test case Enter Device Details<br/>]]>
  </system-out>
  <testcase classname="com.DevicesAndSearch.testcases.DeviceLifeCycleManagementAddDeviceTest" name="verifyOverview" time="6.505"/>
  <system-out>
    <![CDATA[Starting testcase Verify Overview Page<br/>]]>
  </system-out>
  <testcase classname="com.DevicesAndSearch.testcases.DeviceLifeCycleManagementAddDeviceTest" name="verifyDeviceattributes" time="8.901"/>
  <system-out>
    <![CDATA[Starting testcase Verify Device attributes Page<br/>]]>
  </system-out>
  <testcase classname="com.DevicesAndSearch.testcases.DeviceLifeCycleManagementAddDeviceTest" name="DeviceattributesModifyName" time="16.525"/>
  <system-out>
    <![CDATA[ Starting testcase Verify Device Attributes Name modification<br/>]]>
  </system-out>
  <testcase classname="com.DevicesAndSearch.testcases.DeviceLifeCycleManagementAddDeviceTest" name="DeviceattributesModifyEInfo" time="6.670"/>
  <system-out>
    <![CDATA[Starting testcase Verify Device Attributes End device E meter info - maxRating<br/>]]>
  </system-out>
  <testcase classname="com.DevicesAndSearch.testcases.DeviceLifeCycleManagementAddDeviceTest" name="DataSourceLoadService" time="10.452"/>
  <system-out>
    <![CDATA[Starting testcase : Verify DataSource LoadService Page<br/>]]>
  </system-out>
  <testcase classname="com.DevicesAndSearch.testcases.DeviceLifeCycleManagementAddDeviceTest" name="VerifyViewsuspect" time="4.734"/>
  <system-out>
    <![CDATA[ Starting testcase Verify ViewSuspect in load Profile Page<br/>]]>
  </system-out>
  <testcase classname="com.DevicesAndSearch.testcases.DeviceLifeCycleManagementAddDeviceTest" name="VerifyChannels" time="8.741"/>
  <system-out>
    <![CDATA[Starting testcase Verifying Channels  Page<br/>]]>
  </system-out>
  <testcase classname="com.DevicesAndSearch.testcases.DeviceLifeCycleManagementAddDeviceTest" name="VerifyChannelsFractions" time="5.675"/>
  <system-out>
    <![CDATA[ Starting testcase Verify Channels Fractions modification and Saving <br/>]]>
  </system-out>
  <testcase classname="com.DevicesAndSearch.testcases.DeviceLifeCycleManagementAddDeviceTest" name="VerifyLogbook" time="7.220"/>
  <system-out>
    <![CDATA[Starting testcase Verify Logbooks  Page<br/>]]>
  </system-out>
  <testcase classname="com.DevicesAndSearch.testcases.DeviceLifeCycleManagementAddDeviceTest" name="VerifyEvents" time="6.639"/>
  <system-out>
    <![CDATA[ Starting testcase Verify Events  Page<br/>]]>
  </system-out>
  <testcase classname="com.DevicesAndSearch.testcases.DeviceLifeCycleManagementAddDeviceTest" name="VerifyRegister" time="9.662"/>
  <system-out>
    <![CDATA[ Starting testcase Verifying  Registers  Page<br/>]]>
  </system-out>
  <testcase classname="com.DevicesAndSearch.testcases.DeviceLifeCycleManagementAddDeviceTest" name="VerifyValidationConfiguartion" time="15.049">
    <error message="no such element: Unable to locate element: {&quot;method&quot;:&quot;xpath&quot;,&quot;selector&quot;:&quot;//div[@data-qtip=&#039;Reading quality&#039;]//span[1]&quot;}
  (Session info: headless chrome=101.0.4951.54)
For documentation on this error, please visit: https://selenium.dev/exceptions/#no_such_element
Build info: version: &#039;4.1.1&#039;, revision: &#039;e8fcc2cecf&#039;
System info: host: &#039;IE1FLT9SR9K63&#039;, ip: &#039;192.168.0.183&#039;, os.name: &#039;Windows 10&#039;, os.arch: &#039;amd64&#039;, os.version: &#039;10.0&#039;, java.version: &#039;16.0.2&#039;
Driver info: org.openqa.selenium.chrome.ChromeDriver
Command: [c3947366e5f4e594fdc70bb6a37f34dd, findElement {using=xpath, value=//div[@data-qtip=&#039;Reading quality&#039;]//span[1]}]
Capabilities {acceptInsecureCerts: true, browserName: chrome, browserVersion: 101.0.4951.54, chrome: {chromedriverVersion: 101.0.4951.41 (93c720db8323..., userDataDir: C:\Users\H447546\AppData\Lo...}, goog:chromeOptions: {debuggerAddress: localhost:52872}, javascriptEnabled: true, networkConnectionEnabled: false, pageLoadStrategy: normal, platform: WINDOWS, platformName: WINDOWS, proxy: Proxy(), se:cdp: ws://localhost:52872/devtoo..., se:cdpVersion: 101.0.4951.54, setWindowRect: true, strictFileInteractability: false, timeouts: {implicit: 0, pageLoad: 300000, script: 30000}, unhandledPromptBehavior: dismiss and notify, webauthn:extension:credBlob: true, webauthn:extension:largeBlob: true, webauthn:virtualAuthenticators: true}
Session ID: c3947366e5f4e594fdc70bb6a37f34dd" type="org.openqa.selenium.NoSuchElementException">
      <![CDATA[org.openqa.selenium.NoSuchElementException: no such element: Unable to locate element: {"method":"xpath","selector":"//div[@data-qtip='Reading quality']//span[1]"}
  (Session info: headless chrome=101.0.4951.54)
For documentation on this error, please visit: https://selenium.dev/exceptions/#no_such_element
Build info: version: '4.1.1', revision: 'e8fcc2cecf'
System info: host: 'IE1FLT9SR9K63', ip: '192.168.0.183', os.name: 'Windows 10', os.arch: 'amd64', os.version: '10.0', java.version: '16.0.2'
Driver info: org.openqa.selenium.chrome.ChromeDriver
Command: [c3947366e5f4e594fdc70bb6a37f34dd, findElement {using=xpath, value=//div[@data-qtip='Reading quality']//span[1]}]
Capabilities {acceptInsecureCerts: true, browserName: chrome, browserVersion: 101.0.4951.54, chrome: {chromedriverVersion: 101.0.4951.41 (93c720db8323..., userDataDir: C:\Users\H447546\AppData\Lo...}, goog:chromeOptions: {debuggerAddress: localhost:52872}, javascriptEnabled: true, networkConnectionEnabled: false, pageLoadStrategy: normal, platform: WINDOWS, platformName: WINDOWS, proxy: Proxy(), se:cdp: ws://localhost:52872/devtoo..., se:cdpVersion: 101.0.4951.54, setWindowRect: true, strictFileInteractability: false, timeouts: {implicit: 0, pageLoad: 300000, script: 30000}, unhandledPromptBehavior: dismiss and notify, webauthn:extension:credBlob: true, webauthn:extension:largeBlob: true, webauthn:virtualAuthenticators: true}
Session ID: c3947366e5f4e594fdc70bb6a37f34dd
at jdk.internal.reflect.GeneratedConstructorAccessor42.newInstance(Unknown Source)
at java.base/jdk.internal.reflect.DelegatingConstructorAccessorImpl.newInstance(DelegatingConstructorAccessorImpl.java:45)
at java.base/java.lang.reflect.Constructor.newInstanceWithCaller(Constructor.java:499)
at java.base/java.lang.reflect.Constructor.newInstance(Constructor.java:480)
at org.openqa.selenium.remote.codec.w3c.W3CHttpResponseCodec.createException(W3CHttpResponseCodec.java:200)
at org.openqa.selenium.remote.codec.w3c.W3CHttpResponseCodec.decode(W3CHttpResponseCodec.java:133)
at org.openqa.selenium.remote.codec.w3c.W3CHttpResponseCodec.decode(W3CHttpResponseCodec.java:53)
at org.openqa.selenium.remote.HttpCommandExecutor.execute(HttpCommandExecutor.java:184)
at org.openqa.selenium.remote.service.DriverCommandExecutor.invokeExecute(DriverCommandExecutor.java:167)
at org.openqa.selenium.remote.service.DriverCommandExecutor.execute(DriverCommandExecutor.java:142)
at org.openqa.selenium.remote.RemoteWebDriver.execute(RemoteWebDriver.java:543)
at org.openqa.selenium.remote.ElementLocation$ElementFinder$2.findElement(ElementLocation.java:162)
at org.openqa.selenium.remote.ElementLocation.findElement(ElementLocation.java:60)
at org.openqa.selenium.remote.RemoteWebDriver.findElement(RemoteWebDriver.java:367)
at org.openqa.selenium.remote.RemoteWebDriver.findElement(RemoteWebDriver.java:359)
at com.DevicesAndSearch.pages.Devices.DeviceLifeCycleManagementAddDevice.verifyValidationConfiguartion(DeviceLifeCycleManagementAddDevice.java:334)
at com.DevicesAndSearch.testcases.DeviceLifeCycleManagementAddDeviceTest.VerifyValidationConfiguartion(DeviceLifeCycleManagementAddDeviceTest.java:276)
at java.base/jdk.internal.reflect.NativeMethodAccessorImpl.invoke0(Native Method)
at java.base/jdk.internal.reflect.NativeMethodAccessorImpl.invoke(NativeMethodAccessorImpl.java:78)
at java.base/jdk.internal.reflect.DelegatingMethodAccessorImpl.invoke(DelegatingMethodAccessorImpl.java:43)
at java.base/java.lang.reflect.Method.invoke(Method.java:567)
at org.testng.internal.MethodInvocationHelper.invokeMethod(MethodInvocationHelper.java:133)
at org.testng.internal.TestInvoker.invokeMethod(TestInvoker.java:598)
at org.testng.internal.TestInvoker.invokeTestMethod(TestInvoker.java:173)
at org.testng.internal.MethodRunner.runInSequence(MethodRunner.java:46)
at org.testng.internal.TestInvoker$MethodInvocationAgent.invoke(TestInvoker.java:824)
at org.testng.internal.TestInvoker.invokeTestMethods(TestInvoker.java:146)
at org.testng.internal.TestMethodWorker.invokeTestMethods(TestMethodWorker.java:146)
at org.testng.internal.TestMethodWorker.run(TestMethodWorker.java:128)
at java.base/java.util.concurrent.ThreadPoolExecutor.runWorker(ThreadPoolExecutor.java:1130)
at java.base/java.util.concurrent.ThreadPoolExecutor$Worker.run(ThreadPoolExecutor.java:630)
at java.base/java.lang.Thread.run(Thread.java:831)
]]>
    </error>
  </testcase> <!-- VerifyValidationConfiguartion -->
  <system-out>
    <![CDATA[Starting testcase Verify Validation Configuartion in Reading Quality Page<br/>]]>
  </system-out>
  <testcase classname="com.DevicesAndSearch.testcases.DeviceLifeCycleManagementAddDeviceTest" name="verifyValidationConfiguartionDeactivatenactive" time="26.651">
    <error message="no such element: Unable to locate element: {&quot;method&quot;:&quot;xpath&quot;,&quot;selector&quot;:&quot;//span[normalize-space()=&#039;Deactivate&#039;]&quot;}
  (Session info: headless chrome=101.0.4951.54)
For documentation on this error, please visit: https://selenium.dev/exceptions/#no_such_element
Build info: version: &#039;4.1.1&#039;, revision: &#039;e8fcc2cecf&#039;
System info: host: &#039;IE1FLT9SR9K63&#039;, ip: &#039;192.168.0.183&#039;, os.name: &#039;Windows 10&#039;, os.arch: &#039;amd64&#039;, os.version: &#039;10.0&#039;, java.version: &#039;16.0.2&#039;
Driver info: org.openqa.selenium.chrome.ChromeDriver
Command: [c3947366e5f4e594fdc70bb6a37f34dd, findElement {using=xpath, value=//span[normalize-space()=&#039;Deactivate&#039;]}]
Capabilities {acceptInsecureCerts: true, browserName: chrome, browserVersion: 101.0.4951.54, chrome: {chromedriverVersion: 101.0.4951.41 (93c720db8323..., userDataDir: C:\Users\H447546\AppData\Lo...}, goog:chromeOptions: {debuggerAddress: localhost:52872}, javascriptEnabled: true, networkConnectionEnabled: false, pageLoadStrategy: normal, platform: WINDOWS, platformName: WINDOWS, proxy: Proxy(), se:cdp: ws://localhost:52872/devtoo..., se:cdpVersion: 101.0.4951.54, setWindowRect: true, strictFileInteractability: false, timeouts: {implicit: 0, pageLoad: 300000, script: 30000}, unhandledPromptBehavior: dismiss and notify, webauthn:extension:credBlob: true, webauthn:extension:largeBlob: true, webauthn:virtualAuthenticators: true}
Session ID: c3947366e5f4e594fdc70bb6a37f34dd" type="org.openqa.selenium.NoSuchElementException">
      <![CDATA[org.openqa.selenium.NoSuchElementException: no such element: Unable to locate element: {"method":"xpath","selector":"//span[normalize-space()='Deactivate']"}
  (Session info: headless chrome=101.0.4951.54)
For documentation on this error, please visit: https://selenium.dev/exceptions/#no_such_element
Build info: version: '4.1.1', revision: 'e8fcc2cecf'
System info: host: 'IE1FLT9SR9K63', ip: '192.168.0.183', os.name: 'Windows 10', os.arch: 'amd64', os.version: '10.0', java.version: '16.0.2'
Driver info: org.openqa.selenium.chrome.ChromeDriver
Command: [c3947366e5f4e594fdc70bb6a37f34dd, findElement {using=xpath, value=//span[normalize-space()='Deactivate']}]
Capabilities {acceptInsecureCerts: true, browserName: chrome, browserVersion: 101.0.4951.54, chrome: {chromedriverVersion: 101.0.4951.41 (93c720db8323..., userDataDir: C:\Users\H447546\AppData\Lo...}, goog:chromeOptions: {debuggerAddress: localhost:52872}, javascriptEnabled: true, networkConnectionEnabled: false, pageLoadStrategy: normal, platform: WINDOWS, platformName: WINDOWS, proxy: Proxy(), se:cdp: ws://localhost:52872/devtoo..., se:cdpVersion: 101.0.4951.54, setWindowRect: true, strictFileInteractability: false, timeouts: {implicit: 0, pageLoad: 300000, script: 30000}, unhandledPromptBehavior: dismiss and notify, webauthn:extension:credBlob: true, webauthn:extension:largeBlob: true, webauthn:virtualAuthenticators: true}
Session ID: c3947366e5f4e594fdc70bb6a37f34dd
at jdk.internal.reflect.GeneratedConstructorAccessor42.newInstance(Unknown Source)
at java.base/jdk.internal.reflect.DelegatingConstructorAccessorImpl.newInstance(DelegatingConstructorAccessorImpl.java:45)
at java.base/java.lang.reflect.Constructor.newInstanceWithCaller(Constructor.java:499)
at java.base/java.lang.reflect.Constructor.newInstance(Constructor.java:480)
at org.openqa.selenium.remote.codec.w3c.W3CHttpResponseCodec.createException(W3CHttpResponseCodec.java:200)
at org.openqa.selenium.remote.codec.w3c.W3CHttpResponseCodec.decode(W3CHttpResponseCodec.java:133)
at org.openqa.selenium.remote.codec.w3c.W3CHttpResponseCodec.decode(W3CHttpResponseCodec.java:53)
at org.openqa.selenium.remote.HttpCommandExecutor.execute(HttpCommandExecutor.java:184)
at org.openqa.selenium.remote.service.DriverCommandExecutor.invokeExecute(DriverCommandExecutor.java:167)
at org.openqa.selenium.remote.service.DriverCommandExecutor.execute(DriverCommandExecutor.java:142)
at org.openqa.selenium.remote.RemoteWebDriver.execute(RemoteWebDriver.java:543)
at org.openqa.selenium.remote.ElementLocation$ElementFinder$2.findElement(ElementLocation.java:162)
at org.openqa.selenium.remote.ElementLocation.findElement(ElementLocation.java:60)
at org.openqa.selenium.remote.RemoteWebDriver.findElement(RemoteWebDriver.java:367)
at org.openqa.selenium.remote.RemoteWebDriver.findElement(RemoteWebDriver.java:359)
at com.DevicesAndSearch.pages.Devices.DeviceLifeCycleManagementAddDevice.verifyValidationConfiguartionDeactivatenactive(DeviceLifeCycleManagementAddDevice.java:355)
at com.DevicesAndSearch.testcases.DeviceLifeCycleManagementAddDeviceTest.verifyValidationConfiguartionDeactivatenactive(DeviceLifeCycleManagementAddDeviceTest.java:290)
at java.base/jdk.internal.reflect.NativeMethodAccessorImpl.invoke0(Native Method)
at java.base/jdk.internal.reflect.NativeMethodAccessorImpl.invoke(NativeMethodAccessorImpl.java:78)
at java.base/jdk.internal.reflect.DelegatingMethodAccessorImpl.invoke(DelegatingMethodAccessorImpl.java:43)
at java.base/java.lang.reflect.Method.invoke(Method.java:567)
at org.testng.internal.MethodInvocationHelper.invokeMethod(MethodInvocationHelper.java:133)
at org.testng.internal.TestInvoker.invokeMethod(TestInvoker.java:598)
at org.testng.internal.TestInvoker.invokeTestMethod(TestInvoker.java:173)
at org.testng.internal.MethodRunner.runInSequence(MethodRunner.java:46)
at org.testng.internal.TestInvoker$MethodInvocationAgent.invoke(TestInvoker.java:824)
at org.testng.internal.TestInvoker.invokeTestMethods(TestInvoker.java:146)
at org.testng.internal.TestMethodWorker.invokeTestMethods(TestMethodWorker.java:146)
at org.testng.internal.TestMethodWorker.run(TestMethodWorker.java:128)
at java.base/java.util.concurrent.ThreadPoolExecutor.runWorker(ThreadPoolExecutor.java:1130)
at java.base/java.util.concurrent.ThreadPoolExecutor$Worker.run(ThreadPoolExecutor.java:630)
at java.base/java.lang.Thread.run(Thread.java:831)
]]>
    </error>
  </testcase> <!-- verifyValidationConfiguartionDeactivatenactive -->
  <system-out>
    <![CDATA[Starting testcase Verify ValidationConfiguartion Deactivation and active actions<br/>]]>
  </system-out>
  <testcase classname="com.DevicesAndSearch.testcases.DeviceLifeCycleManagementAddDeviceTest" name="VerifyGeneralAtrributes" time="7.408"/>
  <system-out>
    <![CDATA[Starting testcase Verify General Atrributes in Communication Page<br/>]]>
  </system-out>
  <testcase classname="com.DevicesAndSearch.testcases.DeviceLifeCycleManagementAddDeviceTest" name="verifyChangeManufacture" time="16.099"/>
  <system-out>
    <![CDATA[Starting testcase Verify Change Manufacture actions<br/>]]>
  </system-out>
  <testcase classname="com.DevicesAndSearch.testcases.DeviceLifeCycleManagementAddDeviceTest" name="VerifyCommunicationPlanning" time="6.590"/>
  <system-out>
    <![CDATA[Starting testcase Verify Communication planning in Communication Page<br/>]]>
  </system-out>
  <testcase classname="com.DevicesAndSearch.testcases.DeviceLifeCycleManagementAddDeviceTest" name="verifyAddscheduleCommunicationPlanning" time="3.828"/>
  <system-out>
    <![CDATA[Starting testcase Verify add Scheduled Communication Schedule actions<br/>]]>
  </system-out>
  <testcase classname="com.DevicesAndSearch.testcases.DeviceLifeCycleManagementAddDeviceTest" name="verifyRemoveScheduleCommunicationPlanning" time="5.340"/>
  <system-out>
    <![CDATA[Starting testcase Verify Remove Scheduled Communication Schedule actions<br/>]]>
  </system-out>
  <testcase classname="com.DevicesAndSearch.testcases.DeviceLifeCycleManagementAddDeviceTest" name="VerifyCommunicationtask" time="6.057"/>
  <system-out>
    <![CDATA[Starting testcase Verify Communication task in Communication Page<br/>]]>
  </system-out>
  <testcase classname="com.DevicesAndSearch.testcases.DeviceLifeCycleManagementAddDeviceTest" name="VerifyCommunicationMethods" time="9.385"/>
  <system-out>
    <![CDATA[Starting testcase Verify Communication methods in Communication Page<br/>]]>
  </system-out>
  <testcase classname="com.DevicesAndSearch.testcases.DeviceLifeCycleManagementAddDeviceTest" name="DeactivateCM" time="4.109"/>
  <system-out>
    <![CDATA[Starting testcase Verify Deactivate Connection in Communication methods Page<br/>]]>
  </system-out>
  <testcase classname="com.DevicesAndSearch.testcases.DeviceLifeCycleManagementAddDeviceTest" name="ActivateCM" time="6.382"/>
  <system-out>
    <![CDATA[Starting testcase Verify Activating  Connection in Communication methods Page<br/>]]>
  </system-out>
  <testcase classname="com.DevicesAndSearch.testcases.DeviceLifeCycleManagementAddDeviceTest" name="VerifyCommunicationMethodsHistory" time="7.031"/>
  <system-out>
    <![CDATA[Starting testcase Verify History in Communication methods Page<br/>]]>
  </system-out>
  <testcase classname="com.DevicesAndSearch.testcases.DeviceLifeCycleManagementAddDeviceTest" name="VerifySecuritysets" time="10.822"/>
  <system-out>
    <![CDATA[Starting testcase Verify Security sets Page<br/>]]>
  </system-out>
  <testcase classname="com.DevicesAndSearch.testcases.DeviceLifeCycleManagementAddDeviceTest" name="VerifySecurityaccessors" time="12.001"/>
  <system-out>
    <![CDATA[Starting testcase Verify Security accessors Page<br/>]]>
  </system-out>
  <testcase classname="com.DevicesAndSearch.testcases.DeviceLifeCycleManagementAddDeviceTest" name="VerifyProtocolDialects" time="7.958"/>
  <system-out>
    <![CDATA[Starting testcase Verify Protocol dialects Page<br/>]]>
  </system-out>
  <testcase classname="com.DevicesAndSearch.testcases.DeviceLifeCycleManagementAddDeviceTest" name="ChangeProtocolDialectsRetries" time="5.644"/>
  <system-out>
    <![CDATA[Starting testcase Verify changing retries to 3 in Protocol Dialects Page<br/>]]>
  </system-out>
  <testcase classname="com.DevicesAndSearch.testcases.DeviceLifeCycleManagementAddDeviceTest" name="VerifyCommands" time="13.425"/>
  <system-out>
    <![CDATA[Starting testcase Verify Commands Page<br/>]]>
  </system-out>
  <testcase classname="com.DevicesAndSearch.testcases.DeviceLifeCycleManagementAddDeviceTest" name="AddCommandsandTrigger" time="18.685"/>
  <system-out>
    <![CDATA[Starting testcase Verify Add Commands and Trigger in Commands Page<br/>]]>
  </system-out>
  <testcase classname="com.DevicesAndSearch.testcases.DeviceLifeCycleManagementAddDeviceTest" name="RevokeCommands" time="4.238"/>
  <system-out>
    <![CDATA[Starting testcase Verify Revoke Commands in Commands Page<br/>]]>
  </system-out>
  <testcase classname="com.DevicesAndSearch.testcases.DeviceLifeCycleManagementAddDeviceTest" name="Verifyfirmware" time="16.417"/>
  <system-out>
    <![CDATA[Starting testcase Verify Commands Page<br/>]]>
  </system-out>
  <testcase classname="com.DevicesAndSearch.testcases.DeviceLifeCycleManagementAddDeviceTest" name="VerifyTimeofUse" time="6.993"/>
  <system-out>
    <![CDATA[Starting testcase Verify Time of Use Page<br/>]]>
  </system-out>
  <testcase classname="com.DevicesAndSearch.testcases.DeviceLifeCycleManagementAddDeviceTest" name="Sendtimeofusecalender" time="35.481">
    <error message="no such element: Unable to locate element: {&quot;method&quot;:&quot;xpath&quot;,&quot;selector&quot;:&quot;(//*[@class=&#039;x-btn-button&#039;][normalize-space()=&#039;Trigger&#039;])[2]&quot;}
  (Session info: headless chrome=101.0.4951.54)
For documentation on this error, please visit: https://selenium.dev/exceptions/#no_such_element
Build info: version: &#039;4.1.1&#039;, revision: &#039;e8fcc2cecf&#039;
System info: host: &#039;IE1FLT9SR9K63&#039;, ip: &#039;192.168.0.183&#039;, os.name: &#039;Windows 10&#039;, os.arch: &#039;amd64&#039;, os.version: &#039;10.0&#039;, java.version: &#039;16.0.2&#039;
Driver info: org.openqa.selenium.chrome.ChromeDriver
Command: [c3947366e5f4e594fdc70bb6a37f34dd, findElement {using=xpath, value=(//*[@class=&#039;x-btn-button&#039;][normalize-space()=&#039;Trigger&#039;])[2]}]
Capabilities {acceptInsecureCerts: true, browserName: chrome, browserVersion: 101.0.4951.54, chrome: {chromedriverVersion: 101.0.4951.41 (93c720db8323..., userDataDir: C:\Users\H447546\AppData\Lo...}, goog:chromeOptions: {debuggerAddress: localhost:52872}, javascriptEnabled: true, networkConnectionEnabled: false, pageLoadStrategy: normal, platform: WINDOWS, platformName: WINDOWS, proxy: Proxy(), se:cdp: ws://localhost:52872/devtoo..., se:cdpVersion: 101.0.4951.54, setWindowRect: true, strictFileInteractability: false, timeouts: {implicit: 0, pageLoad: 300000, script: 30000}, unhandledPromptBehavior: dismiss and notify, webauthn:extension:credBlob: true, webauthn:extension:largeBlob: true, webauthn:virtualAuthenticators: true}
Session ID: c3947366e5f4e594fdc70bb6a37f34dd" type="org.openqa.selenium.NoSuchElementException">
      <![CDATA[org.openqa.selenium.NoSuchElementException: no such element: Unable to locate element: {"method":"xpath","selector":"(//*[@class='x-btn-button'][normalize-space()='Trigger'])[2]"}
  (Session info: headless chrome=101.0.4951.54)
For documentation on this error, please visit: https://selenium.dev/exceptions/#no_such_element
Build info: version: '4.1.1', revision: 'e8fcc2cecf'
System info: host: 'IE1FLT9SR9K63', ip: '192.168.0.183', os.name: 'Windows 10', os.arch: 'amd64', os.version: '10.0', java.version: '16.0.2'
Driver info: org.openqa.selenium.chrome.ChromeDriver
Command: [c3947366e5f4e594fdc70bb6a37f34dd, findElement {using=xpath, value=(//*[@class='x-btn-button'][normalize-space()='Trigger'])[2]}]
Capabilities {acceptInsecureCerts: true, browserName: chrome, browserVersion: 101.0.4951.54, chrome: {chromedriverVersion: 101.0.4951.41 (93c720db8323..., userDataDir: C:\Users\H447546\AppData\Lo...}, goog:chromeOptions: {debuggerAddress: localhost:52872}, javascriptEnabled: true, networkConnectionEnabled: false, pageLoadStrategy: normal, platform: WINDOWS, platformName: WINDOWS, proxy: Proxy(), se:cdp: ws://localhost:52872/devtoo..., se:cdpVersion: 101.0.4951.54, setWindowRect: true, strictFileInteractability: false, timeouts: {implicit: 0, pageLoad: 300000, script: 30000}, unhandledPromptBehavior: dismiss and notify, webauthn:extension:credBlob: true, webauthn:extension:largeBlob: true, webauthn:virtualAuthenticators: true}
Session ID: c3947366e5f4e594fdc70bb6a37f34dd
at jdk.internal.reflect.GeneratedConstructorAccessor42.newInstance(Unknown Source)
at java.base/jdk.internal.reflect.DelegatingConstructorAccessorImpl.newInstance(DelegatingConstructorAccessorImpl.java:45)
at java.base/java.lang.reflect.Constructor.newInstanceWithCaller(Constructor.java:499)
at java.base/java.lang.reflect.Constructor.newInstance(Constructor.java:480)
at org.openqa.selenium.remote.codec.w3c.W3CHttpResponseCodec.createException(W3CHttpResponseCodec.java:200)
at org.openqa.selenium.remote.codec.w3c.W3CHttpResponseCodec.decode(W3CHttpResponseCodec.java:133)
at org.openqa.selenium.remote.codec.w3c.W3CHttpResponseCodec.decode(W3CHttpResponseCodec.java:53)
at org.openqa.selenium.remote.HttpCommandExecutor.execute(HttpCommandExecutor.java:184)
at org.openqa.selenium.remote.service.DriverCommandExecutor.invokeExecute(DriverCommandExecutor.java:167)
at org.openqa.selenium.remote.service.DriverCommandExecutor.execute(DriverCommandExecutor.java:142)
at org.openqa.selenium.remote.RemoteWebDriver.execute(RemoteWebDriver.java:543)
at org.openqa.selenium.remote.ElementLocation$ElementFinder$2.findElement(ElementLocation.java:162)
at org.openqa.selenium.remote.ElementLocation.findElement(ElementLocation.java:60)
at org.openqa.selenium.remote.RemoteWebDriver.findElement(RemoteWebDriver.java:367)
at org.openqa.selenium.remote.RemoteWebDriver.findElement(RemoteWebDriver.java:359)
at com.DevicesAndSearch.pages.Devices.DeviceLifeCycleManagementAddDevice.Sendtimeofusecalender(DeviceLifeCycleManagementAddDevice.java:676)
at com.DevicesAndSearch.testcases.DeviceLifeCycleManagementAddDeviceTest.Sendtimeofusecalender(DeviceLifeCycleManagementAddDeviceTest.java:522)
at java.base/jdk.internal.reflect.NativeMethodAccessorImpl.invoke0(Native Method)
at java.base/jdk.internal.reflect.NativeMethodAccessorImpl.invoke(NativeMethodAccessorImpl.java:78)
at java.base/jdk.internal.reflect.DelegatingMethodAccessorImpl.invoke(DelegatingMethodAccessorImpl.java:43)
at java.base/java.lang.reflect.Method.invoke(Method.java:567)
at org.testng.internal.MethodInvocationHelper.invokeMethod(MethodInvocationHelper.java:133)
at org.testng.internal.TestInvoker.invokeMethod(TestInvoker.java:598)
at org.testng.internal.TestInvoker.invokeTestMethod(TestInvoker.java:173)
at org.testng.internal.MethodRunner.runInSequence(MethodRunner.java:46)
at org.testng.internal.TestInvoker$MethodInvocationAgent.invoke(TestInvoker.java:824)
at org.testng.internal.TestInvoker.invokeTestMethods(TestInvoker.java:146)
at org.testng.internal.TestMethodWorker.invokeTestMethods(TestMethodWorker.java:146)
at org.testng.internal.TestMethodWorker.run(TestMethodWorker.java:128)
at java.base/java.util.concurrent.ThreadPoolExecutor.runWorker(ThreadPoolExecutor.java:1130)
at java.base/java.util.concurrent.ThreadPoolExecutor$Worker.run(ThreadPoolExecutor.java:630)
at java.base/java.lang.Thread.run(Thread.java:831)
]]>
    </error>
  </testcase> <!-- Sendtimeofusecalender -->
  <system-out>
    <![CDATA[Starting testcase Verify Send calender in Time of use Page<br/>]]>
  </system-out>
  <testcase classname="com.DevicesAndSearch.testcases.DeviceLifeCycleManagementAddDeviceTest" name="ChangeTime" time="4.015"/>
  <system-out>
    <![CDATA[Starting testcase Verify Change Time in Time of use Page<br/>]]>
  </system-out>
</testsuite> <!-- com.DevicesAndSearch.testcases.DeviceLifeCycleManagementAddDeviceTest -->
