<?xml version="1.0" encoding="UTF-8"?>
<!-- Generated by org.testng.reporters.JUnitReportReporter -->
<testsuite hostname="IE1FLT9SR9K63" failures="0" tests="3" name="com.ConnexoAdmin.testcases.CertificatesTest" time="124.513" errors="1" timestamp="2022-05-11T23:19:27 IST" skipped="0">
  <testcase classname="com.ConnexoAdmin.testcases.CertificatesTest" name="verifyNavigationToCertificatesPage" time="53.862"/>
  <system-out>
    <![CDATA[Verify Navigation to Certifications page<br/>]]>
  </system-out>
  <testcase classname="com.ConnexoAdmin.testcases.CertificatesTest" name="AddCertificate" time="11.481"/>
  <system-out>
    <![CDATA[Verify Add Certificate<br/>]]>
  </system-out>
  <testcase classname="com.ConnexoAdmin.testcases.CertificatesTest" name="RevokeCertificate" time="59.170">
    <error message="Expected condition failed: waiting for element to be clickable: [[ChromeDriver: chrome on WINDOWS (0163becf57a8abb340b7abdd2f682f0c)] -&gt; xpath: //a[normalize-space()=&quot;TestCert9097&quot;]//ancestor::td//following::td[5]//div//span] (tried for 50 second(s) with 500 milliseconds interval)
Build info: version: &#039;4.1.1&#039;, revision: &#039;e8fcc2cecf&#039;
System info: host: &#039;IE1FLT9SR9K63&#039;, ip: &#039;192.168.0.183&#039;, os.name: &#039;Windows 10&#039;, os.arch: &#039;amd64&#039;, os.version: &#039;10.0&#039;, java.version: &#039;16.0.2&#039;
Driver info: org.openqa.selenium.chrome.ChromeDriver
Capabilities {acceptInsecureCerts: true, browserName: chrome, browserVersion: 101.0.4951.54, chrome: {chromedriverVersion: 101.0.4951.41 (93c720db8323..., userDataDir: C:\Users\H447546\AppData\Lo...}, goog:chromeOptions: {debuggerAddress: localhost:54364}, javascriptEnabled: true, networkConnectionEnabled: false, pageLoadStrategy: normal, platform: WINDOWS, platformName: WINDOWS, proxy: Proxy(), se:cdp: ws://localhost:54364/devtoo..., se:cdpVersion: 101.0.4951.54, setWindowRect: true, strictFileInteractability: false, timeouts: {implicit: 0, pageLoad: 300000, script: 30000}, unhandledPromptBehavior: dismiss and notify, webauthn:extension:credBlob: true, webauthn:extension:largeBlob: true, webauthn:virtualAuthenticators: true}
Session ID: 0163becf57a8abb340b7abdd2f682f0c" type="org.openqa.selenium.TimeoutException">
      <![CDATA[org.openqa.selenium.TimeoutException: Expected condition failed: waiting for element to be clickable: [[ChromeDriver: chrome on WINDOWS (0163becf57a8abb340b7abdd2f682f0c)] -> xpath: //a[normalize-space()="TestCert9097"]//ancestor::td//following::td[5]//div//span] (tried for 50 second(s) with 500 milliseconds interval)
Build info: version: '4.1.1', revision: 'e8fcc2cecf'
System info: host: 'IE1FLT9SR9K63', ip: '192.168.0.183', os.name: 'Windows 10', os.arch: 'amd64', os.version: '10.0', java.version: '16.0.2'
Driver info: org.openqa.selenium.chrome.ChromeDriver
Capabilities {acceptInsecureCerts: true, browserName: chrome, browserVersion: 101.0.4951.54, chrome: {chromedriverVersion: 101.0.4951.41 (93c720db8323..., userDataDir: C:\Users\H447546\AppData\Lo...}, goog:chromeOptions: {debuggerAddress: localhost:54364}, javascriptEnabled: true, networkConnectionEnabled: false, pageLoadStrategy: normal, platform: WINDOWS, platformName: WINDOWS, proxy: Proxy(), se:cdp: ws://localhost:54364/devtoo..., se:cdpVersion: 101.0.4951.54, setWindowRect: true, strictFileInteractability: false, timeouts: {implicit: 0, pageLoad: 300000, script: 30000}, unhandledPromptBehavior: dismiss and notify, webauthn:extension:credBlob: true, webauthn:extension:largeBlob: true, webauthn:virtualAuthenticators: true}
Session ID: 0163becf57a8abb340b7abdd2f682f0c
at org.openqa.selenium.support.ui.WebDriverWait.timeoutException(WebDriverWait.java:138)
at org.openqa.selenium.support.ui.FluentWait.until(FluentWait.java:231)
at com.util.util.TestUtil.waitforElementTobeLocated(TestUtil.java:166)
at com.ConnexoAdmin.pages.Certificates.AddCertificatesPage.revokeCertificate(AddCertificatesPage.java:126)
at com.ConnexoAdmin.testcases.CertificatesTest.RevokeCertificate(CertificatesTest.java:105)
at java.base/jdk.internal.reflect.NativeMethodAccessorImpl.invoke0(Native Method)
at java.base/jdk.internal.reflect.NativeMethodAccessorImpl.invoke(NativeMethodAccessorImpl.java:78)
at java.base/jdk.internal.reflect.DelegatingMethodAccessorImpl.invoke(DelegatingMethodAccessorImpl.java:43)
at java.base/java.lang.reflect.Method.invoke(Method.java:567)
at org.testng.internal.MethodInvocationHelper.invokeMethod(MethodInvocationHelper.java:133)
at org.testng.internal.TestInvoker.invokeMethod(TestInvoker.java:598)
at org.testng.internal.TestInvoker.invokeTestMethod(TestInvoker.java:173)
at org.testng.internal.MethodRunner.runInSequence(MethodRunner.java:46)
at org.testng.internal.TestInvoker$MethodInvocationAgent.invoke(TestInvoker.java:824)
at org.testng.internal.TestInvoker.invokeTestMethods(TestInvoker.java:146)
at org.testng.internal.TestMethodWorker.invokeTestMethods(TestMethodWorker.java:146)
at org.testng.internal.TestMethodWorker.run(TestMethodWorker.java:128)
at java.base/java.util.concurrent.ThreadPoolExecutor.runWorker(ThreadPoolExecutor.java:1130)
at java.base/java.util.concurrent.ThreadPoolExecutor$Worker.run(ThreadPoolExecutor.java:630)
at java.base/java.lang.Thread.run(Thread.java:831)
]]>
    </error>
  </testcase> <!-- RevokeCertificate -->
  <system-out>
    <![CDATA[Verify Revoke Certificate<br/>]]>
  </system-out>
</testsuite> <!-- com.ConnexoAdmin.testcases.CertificatesTest -->
