<?xml version="1.0" encoding="UTF-8"?>
<!-- Generated by org.testng.reporters.JUnitReportReporter -->
<testsuite hostname="IE1FLT9SR9K63" failures="0" tests="5" name="com.ConnexoAdmin.testcases.ImportServicesTest" time="133.249" errors="2" timestamp="2022-05-11T23:19:27 IST" skipped="0">
  <testcase classname="com.ConnexoAdmin.testcases.ImportServicesTest" name="tearDown" time="1.701">
    <error message="element click intercepted: Element &lt;a class=&quot;x-btn user-menu x-unselectable x-box-item x-btn-default-medium x-icon x-btn-icon x-btn-default-medium-icon&quot; hidefocus=&quot;on&quot; unselectable=&quot;on&quot; id=&quot;userMenu-1032&quot; tabindex=&quot;0&quot; style=&quot;right: auto; left: 1300px; top: 0px; margin: 0px; height: 48px; border: 2px solid red;&quot;&gt;...&lt;/a&gt; is not clickable at point (1343, 24). Other element would receive the click: &lt;div role=&quot;presentation&quot; class=&quot;x-mask&quot; style=&quot;height: 800px; width: 1400px; z-index: 18996; right: auto; left: 0px; top: 0px;&quot; id=&quot;ext-gen1916&quot;&gt;&lt;/div&gt;
  (Session info: headless chrome=101.0.4951.54)
Build info: version: &#039;4.1.1&#039;, revision: &#039;e8fcc2cecf&#039;
System info: host: &#039;IE1FLT9SR9K63&#039;, ip: &#039;192.168.0.183&#039;, os.name: &#039;Windows 10&#039;, os.arch: &#039;amd64&#039;, os.version: &#039;10.0&#039;, java.version: &#039;16.0.2&#039;
Driver info: org.openqa.selenium.chrome.ChromeDriver
Command: [759df1193ff74943294be604758681bd, clickElement {id=b2b3294f-37b5-4c39-b08c-b9d43771cffe}]
Capabilities {acceptInsecureCerts: true, browserName: chrome, browserVersion: 101.0.4951.54, chrome: {chromedriverVersion: 101.0.4951.41 (93c720db8323..., userDataDir: C:\Users\H447546\AppData\Lo...}, goog:chromeOptions: {debuggerAddress: localhost:55683}, javascriptEnabled: true, networkConnectionEnabled: false, pageLoadStrategy: normal, platform: WINDOWS, platformName: WINDOWS, proxy: Proxy(), se:cdp: ws://localhost:55683/devtoo..., se:cdpVersion: 101.0.4951.54, setWindowRect: true, strictFileInteractability: false, timeouts: {implicit: 0, pageLoad: 300000, script: 30000}, unhandledPromptBehavior: dismiss and notify, webauthn:extension:credBlob: true, webauthn:extension:largeBlob: true, webauthn:virtualAuthenticators: true}
Element: [[ChromeDriver: chrome on WINDOWS (759df1193ff74943294be604758681bd)] -&gt; xpath: //a[@class=&quot;x-btn user-menu x-unselectable x-box-item x-btn-default-medium x-icon x-btn-icon x-btn-default-medium-icon&quot;]]
Session ID: 759df1193ff74943294be604758681bd" type="org.openqa.selenium.ElementClickInterceptedException">
      <![CDATA[org.openqa.selenium.ElementClickInterceptedException: element click intercepted: Element <a class="x-btn user-menu x-unselectable x-box-item x-btn-default-medium x-icon x-btn-icon x-btn-default-medium-icon" hidefocus="on" unselectable="on" id="userMenu-1032" tabindex="0" style="right: auto; left: 1300px; top: 0px; margin: 0px; height: 48px; border: 2px solid red;">...</a> is not clickable at point (1343, 24). Other element would receive the click: <div role="presentation" class="x-mask" style="height: 800px; width: 1400px; z-index: 18996; right: auto; left: 0px; top: 0px;" id="ext-gen1916"></div>
  (Session info: headless chrome=101.0.4951.54)
Build info: version: '4.1.1', revision: 'e8fcc2cecf'
System info: host: 'IE1FLT9SR9K63', ip: '192.168.0.183', os.name: 'Windows 10', os.arch: 'amd64', os.version: '10.0', java.version: '16.0.2'
Driver info: org.openqa.selenium.chrome.ChromeDriver
Command: [759df1193ff74943294be604758681bd, clickElement {id=b2b3294f-37b5-4c39-b08c-b9d43771cffe}]
Capabilities {acceptInsecureCerts: true, browserName: chrome, browserVersion: 101.0.4951.54, chrome: {chromedriverVersion: 101.0.4951.41 (93c720db8323..., userDataDir: C:\Users\H447546\AppData\Lo...}, goog:chromeOptions: {debuggerAddress: localhost:55683}, javascriptEnabled: true, networkConnectionEnabled: false, pageLoadStrategy: normal, platform: WINDOWS, platformName: WINDOWS, proxy: Proxy(), se:cdp: ws://localhost:55683/devtoo..., se:cdpVersion: 101.0.4951.54, setWindowRect: true, strictFileInteractability: false, timeouts: {implicit: 0, pageLoad: 300000, script: 30000}, unhandledPromptBehavior: dismiss and notify, webauthn:extension:credBlob: true, webauthn:extension:largeBlob: true, webauthn:virtualAuthenticators: true}
Element: [[ChromeDriver: chrome on WINDOWS (759df1193ff74943294be604758681bd)] -> xpath: //a[@class="x-btn user-menu x-unselectable x-box-item x-btn-default-medium x-icon x-btn-icon x-btn-default-medium-icon"]]
Session ID: 759df1193ff74943294be604758681bd
at java.base/jdk.internal.reflect.NativeConstructorAccessorImpl.newInstance0(Native Method)
at java.base/jdk.internal.reflect.NativeConstructorAccessorImpl.newInstance(NativeConstructorAccessorImpl.java:78)
at java.base/jdk.internal.reflect.DelegatingConstructorAccessorImpl.newInstance(DelegatingConstructorAccessorImpl.java:45)
at java.base/java.lang.reflect.Constructor.newInstanceWithCaller(Constructor.java:499)
at java.base/java.lang.reflect.Constructor.newInstance(Constructor.java:480)
at org.openqa.selenium.remote.codec.w3c.W3CHttpResponseCodec.createException(W3CHttpResponseCodec.java:200)
at org.openqa.selenium.remote.codec.w3c.W3CHttpResponseCodec.decode(W3CHttpResponseCodec.java:133)
at org.openqa.selenium.remote.codec.w3c.W3CHttpResponseCodec.decode(W3CHttpResponseCodec.java:53)
at org.openqa.selenium.remote.HttpCommandExecutor.execute(HttpCommandExecutor.java:184)
at org.openqa.selenium.remote.service.DriverCommandExecutor.invokeExecute(DriverCommandExecutor.java:167)
at org.openqa.selenium.remote.service.DriverCommandExecutor.execute(DriverCommandExecutor.java:142)
at org.openqa.selenium.remote.RemoteWebDriver.execute(RemoteWebDriver.java:543)
at org.openqa.selenium.remote.RemoteWebElement.execute(RemoteWebElement.java:251)
at org.openqa.selenium.remote.RemoteWebElement.click(RemoteWebElement.java:77)
at com.base.base.TestBase.doClick(TestBase.java:578)
at com.base.base.TestBase.logout(TestBase.java:1023)
at com.base.base.TestBase.tearDown(TestBase.java:1051)
at jdk.internal.reflect.GeneratedMethodAccessor78.invoke(Unknown Source)
at java.base/jdk.internal.reflect.DelegatingMethodAccessorImpl.invoke(DelegatingMethodAccessorImpl.java:43)
at java.base/java.lang.reflect.Method.invoke(Method.java:567)
at org.testng.internal.MethodInvocationHelper.invokeMethod(MethodInvocationHelper.java:133)
at org.testng.internal.MethodInvocationHelper.invokeMethodConsideringTimeout(MethodInvocationHelper.java:62)
at org.testng.internal.ConfigInvoker.invokeConfigurationMethod(ConfigInvoker.java:385)
at org.testng.internal.ConfigInvoker.invokeConfigurations(ConfigInvoker.java:321)
at org.testng.internal.TestMethodWorker.invokeAfterClassMethods(TestMethodWorker.java:217)
at org.testng.internal.TestMethodWorker.run(TestMethodWorker.java:130)
at java.base/java.util.concurrent.ThreadPoolExecutor.runWorker(ThreadPoolExecutor.java:1130)
at java.base/java.util.concurrent.ThreadPoolExecutor$Worker.run(ThreadPoolExecutor.java:630)
at java.base/java.lang.Thread.run(Thread.java:831)
]]>
    </error>
  </testcase> <!-- tearDown -->
  <system-out/>
  <testcase classname="com.ConnexoAdmin.testcases.ImportServicesTest" name="verifyAndSelectImportServices" time="54.088"/>
  <system-out>
    <![CDATA[Starting tescase Select Import services<br/>]]>
  </system-out>
  <testcase classname="com.ConnexoAdmin.testcases.ImportServicesTest" name="CreatedImportServices" time="52.406"/>
  <system-out>
    <![CDATA[Starting testcase Create Import Services<br/>]]>
  </system-out>
  <testcase classname="com.ConnexoAdmin.testcases.ImportServicesTest" name="activationImportServices" time="10.827"/>
  <system-out>
    <![CDATA[Starting testcase Activate Import services<br/>]]>
  </system-out>
  <testcase classname="com.ConnexoAdmin.testcases.ImportServicesTest" name="removedImportServices" time="14.227">
    <error message="element click intercepted: Element &lt;a href=&quot;#/administration/importservices/8&quot;&gt;...&lt;/a&gt; is not clickable at point (175, 498). Other element would receive the click: &lt;div role=&quot;presentation&quot; class=&quot;x-mask&quot; style=&quot;height: 800px; width: 1400px; z-index: 18996; right: auto; left: 0px; top: 0px;&quot; id=&quot;ext-gen1916&quot;&gt;&lt;/div&gt;
  (Session info: headless chrome=101.0.4951.54)
Build info: version: &#039;4.1.1&#039;, revision: &#039;e8fcc2cecf&#039;
System info: host: &#039;IE1FLT9SR9K63&#039;, ip: &#039;192.168.0.183&#039;, os.name: &#039;Windows 10&#039;, os.arch: &#039;amd64&#039;, os.version: &#039;10.0&#039;, java.version: &#039;16.0.2&#039;
Driver info: org.openqa.selenium.chrome.ChromeDriver
Command: [759df1193ff74943294be604758681bd, clickElement {id=4da8a62c-fa55-44d4-9221-8a06b50f68d2}]
Capabilities {acceptInsecureCerts: true, browserName: chrome, browserVersion: 101.0.4951.54, chrome: {chromedriverVersion: 101.0.4951.41 (93c720db8323..., userDataDir: C:\Users\H447546\AppData\Lo...}, goog:chromeOptions: {debuggerAddress: localhost:55683}, javascriptEnabled: true, networkConnectionEnabled: false, pageLoadStrategy: normal, platform: WINDOWS, platformName: WINDOWS, proxy: Proxy(), se:cdp: ws://localhost:55683/devtoo..., se:cdpVersion: 101.0.4951.54, setWindowRect: true, strictFileInteractability: false, timeouts: {implicit: 0, pageLoad: 300000, script: 30000}, unhandledPromptBehavior: dismiss and notify, webauthn:extension:credBlob: true, webauthn:extension:largeBlob: true, webauthn:virtualAuthenticators: true}
Element: [[ChromeDriver: chrome on WINDOWS (759df1193ff74943294be604758681bd)] -&gt; xpath: (//span[contains(text(),&#039;jYgg4CtW&#039;)]//ancestor::div//a[normalize-space()=&#039;Remove&#039;])]
Session ID: 759df1193ff74943294be604758681bd" type="org.openqa.selenium.ElementClickInterceptedException">
      <![CDATA[org.openqa.selenium.ElementClickInterceptedException: element click intercepted: Element <a href="#/administration/importservices/8">...</a> is not clickable at point (175, 498). Other element would receive the click: <div role="presentation" class="x-mask" style="height: 800px; width: 1400px; z-index: 18996; right: auto; left: 0px; top: 0px;" id="ext-gen1916"></div>
  (Session info: headless chrome=101.0.4951.54)
Build info: version: '4.1.1', revision: 'e8fcc2cecf'
System info: host: 'IE1FLT9SR9K63', ip: '192.168.0.183', os.name: 'Windows 10', os.arch: 'amd64', os.version: '10.0', java.version: '16.0.2'
Driver info: org.openqa.selenium.chrome.ChromeDriver
Command: [759df1193ff74943294be604758681bd, clickElement {id=4da8a62c-fa55-44d4-9221-8a06b50f68d2}]
Capabilities {acceptInsecureCerts: true, browserName: chrome, browserVersion: 101.0.4951.54, chrome: {chromedriverVersion: 101.0.4951.41 (93c720db8323..., userDataDir: C:\Users\H447546\AppData\Lo...}, goog:chromeOptions: {debuggerAddress: localhost:55683}, javascriptEnabled: true, networkConnectionEnabled: false, pageLoadStrategy: normal, platform: WINDOWS, platformName: WINDOWS, proxy: Proxy(), se:cdp: ws://localhost:55683/devtoo..., se:cdpVersion: 101.0.4951.54, setWindowRect: true, strictFileInteractability: false, timeouts: {implicit: 0, pageLoad: 300000, script: 30000}, unhandledPromptBehavior: dismiss and notify, webauthn:extension:credBlob: true, webauthn:extension:largeBlob: true, webauthn:virtualAuthenticators: true}
Element: [[ChromeDriver: chrome on WINDOWS (759df1193ff74943294be604758681bd)] -> xpath: (//span[contains(text(),'jYgg4CtW')]//ancestor::div//a[normalize-space()='Remove'])]
Session ID: 759df1193ff74943294be604758681bd
at java.base/jdk.internal.reflect.NativeConstructorAccessorImpl.newInstance0(Native Method)
at java.base/jdk.internal.reflect.NativeConstructorAccessorImpl.newInstance(NativeConstructorAccessorImpl.java:78)
at java.base/jdk.internal.reflect.DelegatingConstructorAccessorImpl.newInstance(DelegatingConstructorAccessorImpl.java:45)
at java.base/java.lang.reflect.Constructor.newInstanceWithCaller(Constructor.java:499)
at java.base/java.lang.reflect.Constructor.newInstance(Constructor.java:480)
at org.openqa.selenium.remote.codec.w3c.W3CHttpResponseCodec.createException(W3CHttpResponseCodec.java:200)
at org.openqa.selenium.remote.codec.w3c.W3CHttpResponseCodec.decode(W3CHttpResponseCodec.java:133)
at org.openqa.selenium.remote.codec.w3c.W3CHttpResponseCodec.decode(W3CHttpResponseCodec.java:53)
at org.openqa.selenium.remote.HttpCommandExecutor.execute(HttpCommandExecutor.java:184)
at org.openqa.selenium.remote.service.DriverCommandExecutor.invokeExecute(DriverCommandExecutor.java:167)
at org.openqa.selenium.remote.service.DriverCommandExecutor.execute(DriverCommandExecutor.java:142)
at org.openqa.selenium.remote.RemoteWebDriver.execute(RemoteWebDriver.java:543)
at org.openqa.selenium.remote.RemoteWebElement.execute(RemoteWebElement.java:251)
at org.openqa.selenium.remote.RemoteWebElement.click(RemoteWebElement.java:77)
at com.ConnexoAdmin.pages.DataExchange.ImportServicesPage.removeImportServices(ImportServicesPage.java:112)
at com.ConnexoAdmin.testcases.ImportServicesTest.removedImportServices(ImportServicesTest.java:96)
at java.base/jdk.internal.reflect.NativeMethodAccessorImpl.invoke0(Native Method)
at java.base/jdk.internal.reflect.NativeMethodAccessorImpl.invoke(NativeMethodAccessorImpl.java:78)
at java.base/jdk.internal.reflect.DelegatingMethodAccessorImpl.invoke(DelegatingMethodAccessorImpl.java:43)
at java.base/java.lang.reflect.Method.invoke(Method.java:567)
at org.testng.internal.MethodInvocationHelper.invokeMethod(MethodInvocationHelper.java:133)
at org.testng.internal.TestInvoker.invokeMethod(TestInvoker.java:598)
at org.testng.internal.TestInvoker.invokeTestMethod(TestInvoker.java:173)
at org.testng.internal.MethodRunner.runInSequence(MethodRunner.java:46)
at org.testng.internal.TestInvoker$MethodInvocationAgent.invoke(TestInvoker.java:824)
at org.testng.internal.TestInvoker.invokeTestMethods(TestInvoker.java:146)
at org.testng.internal.TestMethodWorker.invokeTestMethods(TestMethodWorker.java:146)
at org.testng.internal.TestMethodWorker.run(TestMethodWorker.java:128)
at java.base/java.util.concurrent.ThreadPoolExecutor.runWorker(ThreadPoolExecutor.java:1130)
at java.base/java.util.concurrent.ThreadPoolExecutor$Worker.run(ThreadPoolExecutor.java:630)
at java.base/java.lang.Thread.run(Thread.java:831)
]]>
    </error>
  </testcase> <!-- removedImportServices -->
  <system-out>
    <![CDATA[Staring testcase Remove Import services<br/>]]>
  </system-out>
</testsuite> <!-- com.ConnexoAdmin.testcases.ImportServicesTest -->
