<?xml version="1.0" encoding="UTF-8"?>
<!-- Generated by org.testng.reporters.JUnitReportReporter -->
<testsuite hostname="IE1FLT9SR9K63" failures="0" tests="15" name="com.multisense.testcases.DataExchangeTest" time="281.767" errors="1" timestamp="2022-05-11T23:19:27 IST" skipped="0">
  <testcase classname="com.multisense.testcases.DataExchangeTest" name="exportHistoryClick" time="86.256"/>
  <system-out>
    <![CDATA[Starting testcase Export History click<br/>]]>
  </system-out>
  <testcase classname="com.multisense.testcases.DataExchangeTest" name="exportHistoryCheck" time="11.893"/>
  <system-out>
    <![CDATA[Starting testcase Export History Check<br/>]]>
  </system-out>
  <testcase classname="com.multisense.testcases.DataExchangeTest" name="Addsort" time="4.827"/>
  <system-out/>
  <testcase classname="com.multisense.testcases.DataExchangeTest" name="importHistoryClick" time="9.407"/>
  <system-out/>
  <testcase classname="com.multisense.testcases.DataExchangeTest" name="importHistoryCheck" time="7.758"/>
  <system-out/>
  <testcase classname="com.multisense.testcases.DataExchangeTest" name="Addsort1" time="4.164"/>
  <system-out/>
  <testcase classname="com.multisense.testcases.DataExchangeTest" name="importservices" time="3.985"/>
  <system-out/>
  <testcase classname="com.multisense.testcases.DataExchangeTest" name="exportbuttonclick" time="2.462"/>
  <system-out/>
  <testcase classname="com.multisense.testcases.DataExchangeTest" name="clickOnAddExportTask" time="7.315"/>
  <system-out>
    <![CDATA[Starting testcase Export Tasks addition<br/>]]>
  </system-out>
  <testcase classname="com.multisense.testcases.DataExchangeTest" name="AddExportTask" time="49.998"/>
  <system-out>
    <![CDATA[Starting testcase Export Tasks addition<br/>]]>
  </system-out>
  <testcase classname="com.multisense.testcases.DataExchangeTest" name="Runnow" time="15.238"/>
  <system-out/>
  <testcase classname="com.multisense.testcases.DataExchangeTest" name="Viewhistory" time="22.765"/>
  <system-out/>
  <testcase classname="com.multisense.testcases.DataExchangeTest" name="Edit" time="23.780"/>
  <system-out/>
  <testcase classname="com.multisense.testcases.DataExchangeTest" name="uploadfileforimportclick" time="1.840"/>
  <system-out>
    <![CDATA[Starting testcase Export File upload click<br/>]]>
  </system-out>
  <testcase classname="com.multisense.testcases.DataExchangeTest" name="uploadfileforimport" time="30.079">
    <error message="element not interactable
  (Session info: headless chrome=101.0.4951.54)
Build info: version: &#039;4.1.1&#039;, revision: &#039;e8fcc2cecf&#039;
System info: host: &#039;IE1FLT9SR9K63&#039;, ip: &#039;192.168.0.183&#039;, os.name: &#039;Windows 10&#039;, os.arch: &#039;amd64&#039;, os.version: &#039;10.0&#039;, java.version: &#039;16.0.2&#039;
Driver info: org.openqa.selenium.chrome.ChromeDriver
Command: [46cd7f506541153dc2c7ee5f4d799b5b, clickElement {id=eb31af8d-cddf-4d70-8855-021dd705989d}]
Capabilities {acceptInsecureCerts: true, browserName: chrome, browserVersion: 101.0.4951.54, chrome: {chromedriverVersion: 101.0.4951.41 (93c720db8323..., userDataDir: C:\Users\H447546\AppData\Lo...}, goog:chromeOptions: {debuggerAddress: localhost:65125}, javascriptEnabled: true, networkConnectionEnabled: false, pageLoadStrategy: normal, platform: WINDOWS, platformName: WINDOWS, proxy: Proxy(), se:cdp: ws://localhost:65125/devtoo..., se:cdpVersion: 101.0.4951.54, setWindowRect: true, strictFileInteractability: false, timeouts: {implicit: 0, pageLoad: 300000, script: 30000}, unhandledPromptBehavior: dismiss and notify, webauthn:extension:credBlob: true, webauthn:extension:largeBlob: true, webauthn:virtualAuthenticators: true}
Element: [[ChromeDriver: chrome on WINDOWS (46cd7f506541153dc2c7ee5f4d799b5b)] -&gt; xpath: //div[@class=&#039;x-hide-display x-form-data-hidden&#039;]/following-sibling::input]
Session ID: 46cd7f506541153dc2c7ee5f4d799b5b" type="org.openqa.selenium.ElementNotInteractableException">
      <![CDATA[org.openqa.selenium.ElementNotInteractableException: element not interactable
  (Session info: headless chrome=101.0.4951.54)
Build info: version: '4.1.1', revision: 'e8fcc2cecf'
System info: host: 'IE1FLT9SR9K63', ip: '192.168.0.183', os.name: 'Windows 10', os.arch: 'amd64', os.version: '10.0', java.version: '16.0.2'
Driver info: org.openqa.selenium.chrome.ChromeDriver
Command: [46cd7f506541153dc2c7ee5f4d799b5b, clickElement {id=eb31af8d-cddf-4d70-8855-021dd705989d}]
Capabilities {acceptInsecureCerts: true, browserName: chrome, browserVersion: 101.0.4951.54, chrome: {chromedriverVersion: 101.0.4951.41 (93c720db8323..., userDataDir: C:\Users\H447546\AppData\Lo...}, goog:chromeOptions: {debuggerAddress: localhost:65125}, javascriptEnabled: true, networkConnectionEnabled: false, pageLoadStrategy: normal, platform: WINDOWS, platformName: WINDOWS, proxy: Proxy(), se:cdp: ws://localhost:65125/devtoo..., se:cdpVersion: 101.0.4951.54, setWindowRect: true, strictFileInteractability: false, timeouts: {implicit: 0, pageLoad: 300000, script: 30000}, unhandledPromptBehavior: dismiss and notify, webauthn:extension:credBlob: true, webauthn:extension:largeBlob: true, webauthn:virtualAuthenticators: true}
Element: [[ChromeDriver: chrome on WINDOWS (46cd7f506541153dc2c7ee5f4d799b5b)] -> xpath: //div[@class='x-hide-display x-form-data-hidden']/following-sibling::input]
Session ID: 46cd7f506541153dc2c7ee5f4d799b5b
at java.base/jdk.internal.reflect.NativeConstructorAccessorImpl.newInstance0(Native Method)
at java.base/jdk.internal.reflect.NativeConstructorAccessorImpl.newInstance(NativeConstructorAccessorImpl.java:78)
at java.base/jdk.internal.reflect.DelegatingConstructorAccessorImpl.newInstance(DelegatingConstructorAccessorImpl.java:45)
at java.base/java.lang.reflect.Constructor.newInstanceWithCaller(Constructor.java:499)
at java.base/java.lang.reflect.Constructor.newInstance(Constructor.java:480)
at org.openqa.selenium.remote.codec.w3c.W3CHttpResponseCodec.createException(W3CHttpResponseCodec.java:200)
at org.openqa.selenium.remote.codec.w3c.W3CHttpResponseCodec.decode(W3CHttpResponseCodec.java:133)
at org.openqa.selenium.remote.codec.w3c.W3CHttpResponseCodec.decode(W3CHttpResponseCodec.java:53)
at org.openqa.selenium.remote.HttpCommandExecutor.execute(HttpCommandExecutor.java:184)
at org.openqa.selenium.remote.service.DriverCommandExecutor.invokeExecute(DriverCommandExecutor.java:167)
at org.openqa.selenium.remote.service.DriverCommandExecutor.execute(DriverCommandExecutor.java:142)
at org.openqa.selenium.remote.RemoteWebDriver.execute(RemoteWebDriver.java:543)
at org.openqa.selenium.remote.RemoteWebElement.execute(RemoteWebElement.java:251)
at org.openqa.selenium.remote.RemoteWebElement.click(RemoteWebElement.java:77)
at com.multisense.pages.DataExchangePage.uploadfileforimport(DataExchangePage.java:373)
at com.multisense.testcases.DataExchangeTest.uploadfileforimport(DataExchangeTest.java:170)
at java.base/jdk.internal.reflect.NativeMethodAccessorImpl.invoke0(Native Method)
at java.base/jdk.internal.reflect.NativeMethodAccessorImpl.invoke(NativeMethodAccessorImpl.java:78)
at java.base/jdk.internal.reflect.DelegatingMethodAccessorImpl.invoke(DelegatingMethodAccessorImpl.java:43)
at java.base/java.lang.reflect.Method.invoke(Method.java:567)
at org.testng.internal.MethodInvocationHelper.invokeMethod(MethodInvocationHelper.java:133)
at org.testng.internal.TestInvoker.invokeMethod(TestInvoker.java:598)
at org.testng.internal.TestInvoker.invokeTestMethod(TestInvoker.java:173)
at org.testng.internal.MethodRunner.runInSequence(MethodRunner.java:46)
at org.testng.internal.TestInvoker$MethodInvocationAgent.invoke(TestInvoker.java:824)
at org.testng.internal.TestInvoker.invokeTestMethods(TestInvoker.java:146)
at org.testng.internal.TestMethodWorker.invokeTestMethods(TestMethodWorker.java:146)
at org.testng.internal.TestMethodWorker.run(TestMethodWorker.java:128)
at java.base/java.util.concurrent.ThreadPoolExecutor.runWorker(ThreadPoolExecutor.java:1130)
at java.base/java.util.concurrent.ThreadPoolExecutor$Worker.run(ThreadPoolExecutor.java:630)
at java.base/java.lang.Thread.run(Thread.java:831)
]]>
    </error>
  </testcase> <!-- uploadfileforimport -->
  <system-out>
    <![CDATA[Starting testcase Export File upload<br/>]]>
  </system-out>
</testsuite> <!-- com.multisense.testcases.DataExchangeTest -->
