<?xml version="1.0" encoding="UTF-8"?>
<!-- Generated by org.testng.reporters.JUnitReportReporter -->
<testsuite hostname="IE1FLT9SR9K63" failures="0" tests="5" name="com.multisense.testcases.DeviceLifeCycleTest" time="111.891" errors="1" timestamp="2022-05-11T23:19:27 IST" skipped="0">
  <testcase classname="com.multisense.testcases.DeviceLifeCycleTest" name="clickDeviceLifecycle" time="93.519"/>
  <system-out>
    <![CDATA[Starting Testcase Click Device Life Cycle<br/>
DeviceLifecycle<br/>]]>
  </system-out>
  <testcase classname="com.multisense.testcases.DeviceLifeCycleTest" name="clickaddDeviceLifecycle" time="2.392"/>
  <system-out>
    <![CDATA[Starting Testcase Click Add Device Life Cycle<br/>]]>
  </system-out>
  <testcase classname="com.multisense.testcases.DeviceLifeCycleTest" name="createDeviceLifecycle" time="7.703"/>
  <system-out>
    <![CDATA[Starting Testcase Create Device Life Cycle<br/>]]>
  </system-out>
  <testcase classname="com.multisense.testcases.DeviceLifeCycleTest" name="clickOnAddTransitions" time="2.275">
    <error message="element click intercepted: Element &lt;span id=&quot;menuitem-1353-textEl&quot; class=&quot;x-menu-item-text &quot; unselectable=&quot;on&quot; style=&quot;border: 2px solid red;&quot;&gt;...&lt;/span&gt; is not clickable at point (261, 276). Other element would receive the click: &lt;div class=&quot;x-tip x-layer x-tip-default x-border-box&quot; id=&quot;ext-quicktips-tip&quot; style=&quot;height: 32px; right: auto; left: 206px; top: 255px; z-index: 19001; width: 57px;&quot;&gt;...&lt;/div&gt;
  (Session info: headless chrome=101.0.4951.54)
Build info: version: &#039;4.1.1&#039;, revision: &#039;e8fcc2cecf&#039;
System info: host: &#039;IE1FLT9SR9K63&#039;, ip: &#039;192.168.0.183&#039;, os.name: &#039;Windows 10&#039;, os.arch: &#039;amd64&#039;, os.version: &#039;10.0&#039;, java.version: &#039;16.0.2&#039;
Driver info: org.openqa.selenium.chrome.ChromeDriver
Command: [3acde3add165b8437c8f0c6975fe8ca4, clickElement {id=dd57bfca-ba69-4eba-add6-8b96926fa905}]
Capabilities {acceptInsecureCerts: true, browserName: chrome, browserVersion: 101.0.4951.54, chrome: {chromedriverVersion: 101.0.4951.41 (93c720db8323..., userDataDir: C:\Users\H447546\AppData\Lo...}, goog:chromeOptions: {debuggerAddress: localhost:60212}, javascriptEnabled: true, networkConnectionEnabled: false, pageLoadStrategy: normal, platform: WINDOWS, platformName: WINDOWS, proxy: Proxy(), se:cdp: ws://localhost:60212/devtoo..., se:cdpVersion: 101.0.4951.54, setWindowRect: true, strictFileInteractability: false, timeouts: {implicit: 0, pageLoad: 300000, script: 30000}, unhandledPromptBehavior: dismiss and notify, webauthn:extension:credBlob: true, webauthn:extension:largeBlob: true, webauthn:virtualAuthenticators: true}
Element: [[ChromeDriver: chrome on WINDOWS (3acde3add165b8437c8f0c6975fe8ca4)] -&gt; xpath: //a[@data-qtip=&#039;Transitions&#039;]//span[1]]
Session ID: 3acde3add165b8437c8f0c6975fe8ca4" type="org.openqa.selenium.ElementClickInterceptedException">
      <![CDATA[org.openqa.selenium.ElementClickInterceptedException: element click intercepted: Element <span id="menuitem-1353-textEl" class="x-menu-item-text " unselectable="on" style="border: 2px solid red;">...</span> is not clickable at point (261, 276). Other element would receive the click: <div class="x-tip x-layer x-tip-default x-border-box" id="ext-quicktips-tip" style="height: 32px; right: auto; left: 206px; top: 255px; z-index: 19001; width: 57px;">...</div>
  (Session info: headless chrome=101.0.4951.54)
Build info: version: '4.1.1', revision: 'e8fcc2cecf'
System info: host: 'IE1FLT9SR9K63', ip: '192.168.0.183', os.name: 'Windows 10', os.arch: 'amd64', os.version: '10.0', java.version: '16.0.2'
Driver info: org.openqa.selenium.chrome.ChromeDriver
Command: [3acde3add165b8437c8f0c6975fe8ca4, clickElement {id=dd57bfca-ba69-4eba-add6-8b96926fa905}]
Capabilities {acceptInsecureCerts: true, browserName: chrome, browserVersion: 101.0.4951.54, chrome: {chromedriverVersion: 101.0.4951.41 (93c720db8323..., userDataDir: C:\Users\H447546\AppData\Lo...}, goog:chromeOptions: {debuggerAddress: localhost:60212}, javascriptEnabled: true, networkConnectionEnabled: false, pageLoadStrategy: normal, platform: WINDOWS, platformName: WINDOWS, proxy: Proxy(), se:cdp: ws://localhost:60212/devtoo..., se:cdpVersion: 101.0.4951.54, setWindowRect: true, strictFileInteractability: false, timeouts: {implicit: 0, pageLoad: 300000, script: 30000}, unhandledPromptBehavior: dismiss and notify, webauthn:extension:credBlob: true, webauthn:extension:largeBlob: true, webauthn:virtualAuthenticators: true}
Element: [[ChromeDriver: chrome on WINDOWS (3acde3add165b8437c8f0c6975fe8ca4)] -> xpath: //a[@data-qtip='Transitions']//span[1]]
Session ID: 3acde3add165b8437c8f0c6975fe8ca4
at java.base/jdk.internal.reflect.NativeConstructorAccessorImpl.newInstance0(Native Method)
at java.base/jdk.internal.reflect.NativeConstructorAccessorImpl.newInstance(NativeConstructorAccessorImpl.java:78)
at java.base/jdk.internal.reflect.DelegatingConstructorAccessorImpl.newInstance(DelegatingConstructorAccessorImpl.java:45)
at java.base/java.lang.reflect.Constructor.newInstanceWithCaller(Constructor.java:499)
at java.base/java.lang.reflect.Constructor.newInstance(Constructor.java:480)
at org.openqa.selenium.remote.codec.w3c.W3CHttpResponseCodec.createException(W3CHttpResponseCodec.java:200)
at org.openqa.selenium.remote.codec.w3c.W3CHttpResponseCodec.decode(W3CHttpResponseCodec.java:133)
at org.openqa.selenium.remote.codec.w3c.W3CHttpResponseCodec.decode(W3CHttpResponseCodec.java:53)
at org.openqa.selenium.remote.HttpCommandExecutor.execute(HttpCommandExecutor.java:184)
at org.openqa.selenium.remote.service.DriverCommandExecutor.invokeExecute(DriverCommandExecutor.java:167)
at org.openqa.selenium.remote.service.DriverCommandExecutor.execute(DriverCommandExecutor.java:142)
at org.openqa.selenium.remote.RemoteWebDriver.execute(RemoteWebDriver.java:543)
at org.openqa.selenium.remote.RemoteWebElement.execute(RemoteWebElement.java:251)
at org.openqa.selenium.remote.RemoteWebElement.click(RemoteWebElement.java:77)
at com.base.base.TestBase.doClick(TestBase.java:578)
at com.multisense.pages.DevicesPage.DeviceLifecyclePage.clickOnAddTransitions(DeviceLifecyclePage.java:74)
at com.multisense.testcases.DeviceLifeCycleTest.clickOnAddTransitions(DeviceLifeCycleTest.java:84)
at java.base/jdk.internal.reflect.NativeMethodAccessorImpl.invoke0(Native Method)
at java.base/jdk.internal.reflect.NativeMethodAccessorImpl.invoke(NativeMethodAccessorImpl.java:78)
at java.base/jdk.internal.reflect.DelegatingMethodAccessorImpl.invoke(DelegatingMethodAccessorImpl.java:43)
at java.base/java.lang.reflect.Method.invoke(Method.java:567)
at org.testng.internal.MethodInvocationHelper.invokeMethod(MethodInvocationHelper.java:133)
at org.testng.internal.TestInvoker.invokeMethod(TestInvoker.java:598)
at org.testng.internal.TestInvoker.invokeTestMethod(TestInvoker.java:173)
at org.testng.internal.MethodRunner.runInSequence(MethodRunner.java:46)
at org.testng.internal.TestInvoker$MethodInvocationAgent.invoke(TestInvoker.java:824)
at org.testng.internal.TestInvoker.invokeTestMethods(TestInvoker.java:146)
at org.testng.internal.TestMethodWorker.invokeTestMethods(TestMethodWorker.java:146)
at org.testng.internal.TestMethodWorker.run(TestMethodWorker.java:128)
at java.base/java.util.concurrent.ThreadPoolExecutor.runWorker(ThreadPoolExecutor.java:1130)
at java.base/java.util.concurrent.ThreadPoolExecutor$Worker.run(ThreadPoolExecutor.java:630)
at java.base/java.lang.Thread.run(Thread.java:831)
]]>
    </error>
  </testcase> <!-- clickOnAddTransitions -->
  <system-out>
    <![CDATA[Starting Testcase Click on Add Transitions<br/>]]>
  </system-out>
  <testcase classname="com.multisense.testcases.DeviceLifeCycleTest" name="clickRemoveDeviceLifecycle" time="6.002"/>
  <system-out>
    <![CDATA[Starting Testcase Remove Device Life cycle<br/>]]>
  </system-out>
</testsuite> <!-- com.multisense.testcases.DeviceLifeCycleTest -->
